+ [ -w /run/user/1002/ ]
+ [ -d /home/nelly ]
+ rootlesskit=
+ command -v docker-rootlesskit
+ command -v rootlesskit
+ rootlesskit=rootlesskit
+ break
+ [ -z rootlesskit ]
+ : /run/user/1002//dockerd-rootless
+ : 
+ : 
+ : builtin
+ : auto
+ : auto
+ : 
+ net=
+ mtu=
+ [ -z  ]
+ command -v slirp4netns
+ slirp4netns --help
+ grep -qw -- --netns-type
+ net=slirp4netns
+ [ -z  ]
+ mtu=65520
+ [ -z slirp4netns ]
+ [ -z 65520 ]
+ host_loopback=--disable-host-loopback
+ [  = false ]
+ dockerd=dockerd
+ [ -z  ]
+ _DOCKERD_ROOTLESS_CHILD=1
+ export _DOCKERD_ROOTLESS_CHILD
+ id -u
+ [ 1002 = 0 ]
+ command -v selinuxenabled
+ exec rootlesskit --state-dir=/run/user/1002//dockerd-rootless --net=slirp4netns --mtu=65520 --slirp4netns-sandbox=auto --slirp4netns-seccomp=auto --disable-host-loopback --port-driver=builtin --copy-up=/etc --copy-up=/run --propagation=rslave /usr/bin/dockerd-rootless.sh
[rootlesskit:parent] error: failed to lock /run/user/1002/dockerd-rootless/lock, another RootlessKit is running with the same state directory?
+ [ -w /run/user/1002/ ]
+ [ -d /home/nelly ]
+ rootlesskit=
+ command -v docker-rootlesskit
+ command -v rootlesskit
+ rootlesskit=rootlesskit
+ break
+ [ -z rootlesskit ]
+ : /run/user/1002//dockerd-rootless
+ : 
+ : 
+ : builtin
+ : auto
+ : auto
+ : 
+ net=
+ mtu=
+ [ -z  ]
+ command -v slirp4netns
+ + slirp4netnsgrep --help -qw
 -- --netns-type
+ net=slirp4netns
+ [ -z  ]
+ mtu=65520
+ [ -z slirp4netns ]
+ [ -z 65520 ]
+ host_loopback=--disable-host-loopback
+ [  = false ]
+ dockerd=dockerd
+ [ -z  ]
+ _DOCKERD_ROOTLESS_CHILD=1
+ export _DOCKERD_ROOTLESS_CHILD
+ id -u
+ [ 1002 = 0 ]
+ command -v selinuxenabled
+ exec rootlesskit --state-dir=/run/user/1002//dockerd-rootless --net=slirp4netns --mtu=65520 --slirp4netns-sandbox=auto --slirp4netns-seccomp=auto --disable-host-loopback --port-driver=builtin --copy-up=/etc --copy-up=/run --propagation=rslave /usr/bin/dockerd-rootless.sh
[rootlesskit:parent] error: failed to lock /run/user/1002/dockerd-rootless/lock, another RootlessKit is running with the same state directory?
+ [ -w /run/user/1002/ ]
+ [ -d /home/nelly ]
+ rootlesskit=
+ command -v docker-rootlesskit
+ command -v rootlesskit
+ rootlesskit=rootlesskit
+ break
+ [ -z rootlesskit ]
+ : /run/user/1002//dockerd-rootless
+ : 
+ : 
+ : builtin
+ : auto
+ : auto
+ : 
+ net=
+ mtu=
+ [ -z  ]
+ command -v slirp4netns
+ slirp4netns --help
+ grep -qw -- --netns-type
+ net=slirp4netns
+ [ -z  ]
+ mtu=65520
+ [ -z slirp4netns ]
+ [ -z 65520 ]
+ host_loopback=--disable-host-loopback
+ [  = false ]
+ dockerd=dockerd
+ [ -z  ]
+ _DOCKERD_ROOTLESS_CHILD=1
+ export _DOCKERD_ROOTLESS_CHILD
+ id -u
+ [ 1002 = 0 ]
+ command -v selinuxenabled
+ exec rootlesskit --state-dir=/run/user/1002//dockerd-rootless --net=slirp4netns --mtu=65520 --slirp4netns-sandbox=auto --slirp4netns-seccomp=auto --disable-host-loopback --port-driver=builtin --copy-up=/etc --copy-up=/run --propagation=rslave /usr/bin/dockerd-rootless.sh
[rootlesskit:parent] error: failed to lock /run/user/1002/dockerd-rootless/lock, another RootlessKit is running with the same state directory?
+ [ -w /run/user/1002/ ]
+ [ -d /home/nelly ]
+ rootlesskit=
+ command -v docker-rootlesskit
+ command -v rootlesskit
+ rootlesskit=rootlesskit
+ break
+ [ -z rootlesskit ]
+ : /run/user/1002//dockerd-rootless
+ : 
+ : 
+ : builtin
+ : auto
+ : auto
+ : 
+ net=
+ mtu=
+ [ -z  ]
+ command -v slirp4netns
+ slirp4netns --help
+ grep -qw -- --netns-type
+ net=slirp4netns
+ [ -z  ]
+ mtu=65520
+ [ -z slirp4netns ]
+ [ -z 65520 ]
+ host_loopback=--disable-host-loopback
+ [  = false ]
+ dockerd=dockerd
+ [ -z  ]
+ _DOCKERD_ROOTLESS_CHILD=1
+ export _DOCKERD_ROOTLESS_CHILD
+ id -u
+ [ 1002 = 0 ]
+ command -v selinuxenabled
+ exec rootlesskit --state-dir=/run/user/1002//dockerd-rootless --net=slirp4netns --mtu=65520 --slirp4netns-sandbox=auto --slirp4netns-seccomp=auto --disable-host-loopback --port-driver=builtin --copy-up=/etc --copy-up=/run --propagation=rslave /usr/bin/dockerd-rootless.sh
[rootlesskit:parent] error: failed to lock /run/user/1002/dockerd-rootless/lock, another RootlessKit is running with the same state directory?
